#
# A fatal error has been detected by the Java Runtime Environment:
#
# java.lang.OutOfMemoryError: Cannot create GC thread. Out of system resources.
#
#  Internal Error (gcTaskThread.cpp:37), pid=10295, tid=3077600960
#  Error: Cannot create GC thread. Out of system resources.
#
# JRE version: 6.0_18-b18
# Java VM: OpenJDK Server VM (14.0-b16 mixed mode linux-x86 )
# Derivative: IcedTea6 1.8.8
# Distribution: Fedora release 13 (Goddard), package fedora-51.1.8.8.fc13-i386
# If you would like to submit a bug report, please include
# instructions how to reproduce the bug and visit:
#   http://icedtea.classpath.org/bugzilla
#

---------------  T H R E A D  ---------------

Current thread (0x09ac7400):  JavaThread "Unknown thread" [_thread_in_vm, id=10295, stack(0xbfa02000,0xbfa52000)]

Stack: [0xbfa02000,0xbfa52000],  sp=0xbfa4d230,  free space=300k
Native frames: (J=compiled Java code, j=interpreted, Vv=VM code, C=native code)
V  [libjvm.so+0x59cee5]
V  [libjvm.so+0x59d13d]
V  [libjvm.so+0x23ebfe]
V  [libjvm.so+0x2be8c7]
V  [libjvm.so+0x2bd6fc]
V  [libjvm.so+0x2bd898]
V  [libjvm.so+0x4a3f73]
V  [libjvm.so+0x5790ef]
V  [libjvm.so+0x57afd5]
V  [libjvm.so+0x2f54b5]
V  [libjvm.so+0x56969c]
V  [libjvm.so+0x32aad1]
C  [java+0x2138]  JavaMain+0x88
C  [java+0x4af1]
C  [java+0x3981]
C  [libc.so.6+0x16cc6]  __libc_start_main+0xe6


---------------  P R O C E S S  ---------------

Java Threads: ( => current thread )

Other Threads:

=>0x09ac7400 (exited) JavaThread "Unknown thread" [_thread_in_vm, id=10295, stack(0xbfa02000,0xbfa52000)]

VM state:not at safepoint (not fully initialized)

VM Mutex/Monitor currently owned by a thread: None

Dynamic libraries:
00110000-00138000 r-xp 00000000 08:02 10470064   /lib/libm-2.12.so
00138000-00139000 r--p 00027000 08:02 10470064   /lib/libm-2.12.so
00139000-0013a000 rw-p 00028000 08:02 10470064   /lib/libm-2.12.so
0013a000-00145000 r-xp 00000000 08:02 8954386    /usr/lib/jvm/java-1.6.0-openjdk-1.6.0.0/jre/lib/i386/libverify.so
00145000-00146000 rw-p 0000b000 08:02 8954386    /usr/lib/jvm/java-1.6.0-openjdk-1.6.0.0/jre/lib/i386/libverify.so
00146000-00168000 r-xp 00000000 08:02 8954367    /usr/lib/jvm/java-1.6.0-openjdk-1.6.0.0/jre/lib/i386/libjava.so
00168000-0016a000 rw-p 00022000 08:02 8954367    /usr/lib/jvm/java-1.6.0-openjdk-1.6.0.0/jre/lib/i386/libjava.so
0016a000-00170000 r-xp 00000000 08:02 8954388    /usr/lib/jvm/java-1.6.0-openjdk-1.6.0.0/jre/lib/i386/native_threads/libhpi.so
00170000-00171000 rw-p 00006000 08:02 8954388    /usr/lib/jvm/java-1.6.0-openjdk-1.6.0.0/jre/lib/i386/native_threads/libhpi.so
00171000-00177000 r-xp 00000000 08:02 8954387    /usr/lib/jvm/java-1.6.0-openjdk-1.6.0.0/jre/lib/i386/libzip.so
00177000-00178000 rw-p 00005000 08:02 8954387    /usr/lib/jvm/java-1.6.0-openjdk-1.6.0.0/jre/lib/i386/libzip.so
00178000-00181000 rwxp 00000000 00:00 0 
00181000-00238000 rwxp 00000000 00:00 0 
00238000-00240000 rwxp 00000000 00:00 0 
00240000-00278000 rwxp 00000000 00:00 0 
00278000-00293000 rwxp 00000000 00:00 0 
00293000-00424000 rwxp 00000000 00:00 0 
00424000-00428000 rwxp 00000000 00:00 0 
00428000-0045a000 rwxp 00000000 00:00 0 
0045a000-0045b000 rwxp 00000000 00:00 0 
0048e000-004ac000 r-xp 00000000 08:02 10469465   /lib/ld-2.12.so
004ac000-004ad000 r--p 0001d000 08:02 10469465   /lib/ld-2.12.so
004ad000-004ae000 rw-p 0001e000 08:02 10469465   /lib/ld-2.12.so
004b4000-0063a000 r-xp 00000000 08:02 10469833   /lib/libc-2.12.so
0063a000-0063c000 r--p 00185000 08:02 10469833   /lib/libc-2.12.so
0063c000-0063d000 rw-p 00187000 08:02 10469833   /lib/libc-2.12.so
0063d000-00640000 rw-p 00000000 00:00 0 
00642000-00645000 r-xp 00000000 08:02 10470047   /lib/libdl-2.12.so
00645000-00646000 r--p 00002000 08:02 10470047   /lib/libdl-2.12.so
00646000-00647000 rw-p 00003000 08:02 10470047   /lib/libdl-2.12.so
00649000-00660000 r-xp 00000000 08:02 10470053   /lib/libpthread-2.12.so
00660000-00661000 r--p 00016000 08:02 10470053   /lib/libpthread-2.12.so
00661000-00662000 rw-p 00017000 08:02 10470053   /lib/libpthread-2.12.so
00662000-00664000 rw-p 00000000 00:00 0 
00666000-00669000 r-xp 00000000 08:02 8954465    /usr/lib/jvm/java-1.6.0-openjdk-1.6.0.0/jre/lib/i386/jli/libjli.so
00669000-0066a000 rw-p 00002000 08:02 8954465    /usr/lib/jvm/java-1.6.0-openjdk-1.6.0.0/jre/lib/i386/jli/libjli.so
00692000-006a4000 r-xp 00000000 08:02 10470061   /lib/libz.so.1.2.3
006a4000-006a5000 rw-p 00011000 08:02 10470061   /lib/libz.so.1.2.3
006a7000-006ae000 r-xp 00000000 08:02 10470056   /lib/librt-2.12.so
006ae000-006af000 r--p 00006000 08:02 10470056   /lib/librt-2.12.so
006af000-006b0000 rw-p 00007000 08:02 10470056   /lib/librt-2.12.so
006b0000-006b8000 rwxp 00000000 00:00 0 
006b8000-006f0000 rwxp 00000000 00:00 0 
007d1000-007d2000 r-xp 00000000 00:00 0          [vdso]
007d2000-00de3000 r-xp 00000000 08:02 8954393    /usr/lib/jvm/java-1.6.0-openjdk-1.6.0.0/jre/lib/i386/server/libjvm.so
00de3000-00e33000 rw-p 00611000 08:02 8954393    /usr/lib/jvm/java-1.6.0-openjdk-1.6.0.0/jre/lib/i386/server/libjvm.so
00e33000-01255000 rw-p 00000000 00:00 0 
01255000-01495000 rwxp 00000000 00:00 0 
01495000-04255000 rwxp 00000000 00:00 0 
05b1d000-05b34000 r-xp 00000000 08:02 10470085   /lib/libnsl-2.12.so
05b34000-05b35000 r--p 00016000 08:02 10470085   /lib/libnsl-2.12.so
05b35000-05b36000 rw-p 00017000 08:02 10470085   /lib/libnsl-2.12.so
05b36000-05b38000 rw-p 00000000 00:00 0 
08048000-08050000 r-xp 00000000 08:02 9314959    /usr/lib/jvm/java-1.6.0-openjdk-1.6.0.0/bin/java
08050000-08052000 rw-p 00007000 08:02 9314959    /usr/lib/jvm/java-1.6.0-openjdk-1.6.0.0/bin/java
084a2000-084bd000 rwxp 00000000 00:00 0 
084bd000-0864f000 rwxp 00000000 00:00 0 
09ac2000-09ae3000 rw-p 00000000 00:00 0          [heap]
731ff000-73200000 ---p 00000000 00:00 0 
73200000-73280000 rw-p 00000000 00:00 0 
73280000-74280000 rwxp 00000000 00:00 0 
74280000-7b280000 rwxp 00000000 00:00 0 
7b280000-7e800000 rwxp 00000000 00:00 0 
7e800000-b0b70000 rwxp 00000000 00:00 0 
b0b70000-b1220000 rwxp 00000000 00:00 0 
b1220000-b7680000 rwxp 00000000 00:00 0 
b7681000-b76b6000 r--s 00000000 08:07 16292      /var/db/nscd/passwd
b76b6000-b76b7000 ---p 00000000 00:00 0 
b76b7000-b7709000 rw-p 00000000 00:00 0 
b7721000-b7729000 rw-s 00000000 08:02 9486484    /tmp/hsperfdata_student/10295
b7729000-b772a000 rw-p 00000000 00:00 0 
b772a000-b772b000 r--p 00000000 00:00 0 
b772b000-b772c000 rw-p 00000000 00:00 0 
bfa02000-bfa05000 ---p 00000000 00:00 0 
bfa05000-bfa52000 rw-p 00000000 00:00 0          [stack]

VM Arguments:
jvm_args: -Dfile.encoding=UTF-8 
java_command: Main
Launcher Type: SUN_STANDARD

Environment Variables:
PATH=/usr/lib/qt-3.3/bin:/usr/kerberos/sbin:/usr/kerberos/bin:/usr/lib/ccache:/usr/local/bin:/usr/bin:/bin:/usr/local/sbin:/usr/sbin:/sbin:/home/student/bin
USERNAME=student
LD_LIBRARY_PATH=/usr/lib/jvm/java-1.6.0-openjdk-1.6.0.0/jre/lib/i386/server:/usr/lib/jvm/java-1.6.0-openjdk-1.6.0.0/jre/lib/i386:/usr/lib/jvm/java-1.6.0-openjdk-1.6.0.0/jre/../lib/i386:/usr/lib/jvm/java-1.6.0-openjdk-1.6.0.0/jre/lib/i386/client:/usr/lib/jvm/java-1.6.0-openjdk-1.6.0.0/jre/lib/i386:
SHELL=/bin/bash
DISPLAY=:0.0

Signal Handlers:
SIGSEGV: [libjvm.so+0x59db50], sa_mask[0]=0x7ffbfeff, sa_flags=0x10000004
SIGBUS: [libjvm.so+0x59db50], sa_mask[0]=0x7ffbfeff, sa_flags=0x10000004
SIGFPE: [libjvm.so+0x48ddb0], sa_mask[0]=0x7ffbfeff, sa_flags=0x10000004
SIGPIPE: [libjvm.so+0x48ddb0], sa_mask[0]=0x7ffbfeff, sa_flags=0x10000004
SIGXFSZ: [libjvm.so+0x48ddb0], sa_mask[0]=0x7ffbfeff, sa_flags=0x10000004
SIGILL: [libjvm.so+0x48ddb0], sa_mask[0]=0x7ffbfeff, sa_flags=0x10000004
SIGUSR1: SIG_DFL, sa_mask[0]=0x00000000, sa_flags=0x00000000
SIGUSR2: [libjvm.so+0x48d500], sa_mask[0]=0x00000004, sa_flags=0x10000004
SIGHUP: SIG_DFL, sa_mask[0]=0x00000000, sa_flags=0x00000000
SIGINT: SIG_DFL, sa_mask[0]=0x00000000, sa_flags=0x00000000
SIGTERM: SIG_DFL, sa_mask[0]=0x00000000, sa_flags=0x00000000
SIGQUIT: SIG_DFL, sa_mask[0]=0x00000000, sa_flags=0x00000000


---------------  S Y S T E M  ---------------

OS:Fedora release 13 (Goddard)

uname:Linux 2.6.33.3-85.fc13.i686.PAE #1 SMP Thu May 6 18:27:11 UTC 2010 i686
libc:glibc 2.12 NPTL 2.12 
rlimit: STACK 10240k, CORE 0k, NPROC 1024, NOFILE 1024, AS infinity
load average:3.15 3.07 2.62

CPU:total 4 (8 cores per cpu, 2 threads per core) family 6 model 58 stepping 9, cmov, cx8, fxsr, mmx, sse, sse2, sse3, ssse3, sse4.1, sse4.2, ht

Memory: 4k page, physical 3941956k(2185520k free), swap 0k(0k free)

vm_info: OpenJDK Server VM (14.0-b16) for linux-x86 JRE (1.6.0_18-b18), built on Jun  7 2011 18:04:04 by "mockbuild" with gcc 4.4.5 20101112 (Red Hat 4.4.5-2)

time: Wed Aug 12 16:59:28 2015
elapsed time: 0 seconds

